time="2022-11-08T23:43:54+03:00" level=info msg="create router" func="main.main()" file="app.go:14"
time="2022-11-08T23:43:54+03:00" level=info msg="register user handler" func="main.main()" file="app.go:17"
time="2022-11-08T23:43:54+03:00" level=info msg="start application" func="main.start()" file="app.go:27"
time="2022-11-08T23:43:54+03:00" level=info msg="server is listening 0.0.0.0:1234" func="main.start()" file="app.go:39"
time="2022-11-08T23:45:51+03:00" level=info msg="create router" func="main.main()" file="app.go:14"
time="2022-11-08T23:45:51+03:00" level=info msg="register user handler" func="main.main()" file="app.go:17"
time="2022-11-08T23:45:51+03:00" level=info msg="start application" func="main.start()" file="app.go:27"
time="2022-11-08T23:45:51+03:00" level=info msg="server is listening 0.0.0.0:1234" func="main.start()" file="app.go:39"
time="2022-11-08T23:49:05+03:00" level=info msg="create router" func="main.main()" file="app.go:14"
time="2022-11-08T23:49:05+03:00" level=info msg="register user handler" func="main.main()" file="app.go:17"
time="2022-11-08T23:49:05+03:00" level=info msg="start application" func="main.start()" file="app.go:27"
time="2022-11-08T23:49:05+03:00" level=info msg="server is listening 0.0.0.0:1234" func="main.start()" file="app.go:39"
time="2022-11-10T23:36:14+03:00" level=info msg="create router" func="main.main()" file="app.go:19"
time="2022-11-10T23:36:14+03:00" level=info msg="read application configuration" func="Lesson1_Rest_API/internal/config.GetConfig.func1()" file="config.go:24"
time="2022-11-10T23:36:14+03:00" level=info func="Lesson1_Rest_API/internal/config.GetConfig.func1()" file="config.go:29"
time="2022-11-10T23:36:14+03:00" level=fatal msg="field \"IsDebug\" is required but the value is not provided" func="Lesson1_Rest_API/internal/config.GetConfig.func1()" file="config.go:30"
time="2022-11-10T23:39:38+03:00" level=info msg="create router" func="main.main()" file="app.go:19"
time="2022-11-10T23:39:38+03:00" level=info msg="read application configuration" func="Lesson1_Rest_API/internal/config.GetConfig.func1()" file="config.go:24"
time="2022-11-10T23:39:38+03:00" level=info func="Lesson1_Rest_API/internal/config.GetConfig.func1()" file="config.go:29"
time="2022-11-10T23:39:38+03:00" level=fatal msg="field \"IsDebug\" is required but the value is not provided" func="Lesson1_Rest_API/internal/config.GetConfig.func1()" file="config.go:30"
time="2022-11-10T23:42:43+03:00" level=info msg="create router" func="main.main()" file="app.go:19"
time="2022-11-10T23:42:43+03:00" level=info msg="read application configuration" func="Lesson1_Rest_API/internal/config.GetConfig.func1()" file="config.go:24"
time="2022-11-10T23:42:43+03:00" level=info func="Lesson1_Rest_API/internal/config.GetConfig.func1()" file="config.go:29"
time="2022-11-10T23:42:43+03:00" level=fatal msg="field \"IsDebug\" is required but the value is not provided" func="Lesson1_Rest_API/internal/config.GetConfig.func1()" file="config.go:30"
time="2022-11-10T23:43:11+03:00" level=info msg="create router" func="main.main()" file="app.go:19"
time="2022-11-10T23:43:11+03:00" level=info msg="read application configuration" func="Lesson1_Rest_API/internal/config.GetConfig.func1()" file="config.go:24"
time="2022-11-10T23:43:11+03:00" level=info func="Lesson1_Rest_API/internal/config.GetConfig.func1()" file="config.go:29"
time="2022-11-10T23:43:11+03:00" level=fatal msg="field \"IsDebug\" is required but the value is not provided" func="Lesson1_Rest_API/internal/config.GetConfig.func1()" file="config.go:30"
time="2022-11-10T23:47:46+03:00" level=info msg="create router" func="main.main()" file="app.go:19"
time="2022-11-10T23:47:46+03:00" level=info msg="read application configuration" func="Lesson1_Rest_API/internal/config.GetConfig.func1()" file="config.go:24"
time="2022-11-10T23:47:46+03:00" level=info func="Lesson1_Rest_API/internal/config.GetConfig.func1()" file="config.go:29"
time="2022-11-10T23:47:46+03:00" level=fatal msg="field \"IsDebug\" is required but the value is not provided" func="Lesson1_Rest_API/internal/config.GetConfig.func1()" file="config.go:30"
time="2022-11-10T23:48:15+03:00" level=info msg="create router" func="main.main()" file="app.go:19"
time="2022-11-10T23:48:15+03:00" level=info msg="read application configuration" func="Lesson1_Rest_API/internal/config.GetConfig.func1()" file="config.go:24"
time="2022-11-10T23:48:15+03:00" level=info func="Lesson1_Rest_API/internal/config.GetConfig.func1()" file="config.go:29"
time="2022-11-10T23:48:15+03:00" level=info msg="register user handler" func="main.main()" file="app.go:24"
time="2022-11-10T23:48:15+03:00" level=info msg="start application" func="main.start()" file="app.go:33"
time="2022-11-10T23:48:15+03:00" level=info msg="listen tcp port" func="main.start()" file="app.go:50"
time="2022-11-10T23:48:15+03:00" level=info msg="server is listening port 0.0.0.0:10000" func="main.start()" file="app.go:52"
time="2022-11-10T23:51:04+03:00" level=info msg="create router" func="main.main()" file="app.go:19"
time="2022-11-10T23:51:04+03:00" level=info msg="read application configuration" func="Lesson1_Rest_API/internal/config.GetConfig.func1()" file="config.go:24"
time="2022-11-10T23:51:04+03:00" level=info func="Lesson1_Rest_API/internal/config.GetConfig.func1()" file="config.go:28"
time="2022-11-10T23:51:04+03:00" level=fatal msg="field \"IsDebug\" is required but the value is not provided" func="Lesson1_Rest_API/internal/config.GetConfig.func1()" file="config.go:29"
time="2022-11-10T23:52:09+03:00" level=info msg="create router" func="main.main()" file="app.go:19"
time="2022-11-10T23:52:09+03:00" level=info msg="read application configuration" func="Lesson1_Rest_API/internal/config.GetConfig.func1()" file="config.go:24"
time="2022-11-10T23:52:09+03:00" level=info func="Lesson1_Rest_API/internal/config.GetConfig.func1()" file="config.go:28"
time="2022-11-10T23:52:09+03:00" level=info msg="register user handler" func="main.main()" file="app.go:24"
time="2022-11-10T23:52:09+03:00" level=info msg="start application" func="main.start()" file="app.go:33"
time="2022-11-10T23:52:09+03:00" level=info msg="listen tcp port" func="main.start()" file="app.go:50"
time="2022-11-10T23:52:09+03:00" level=info msg="server is listening port 0.0.0.0:10000" func="main.start()" file="app.go:52"
time="2022-11-10T23:53:31+03:00" level=info msg="create router" func="main.main()" file="app.go:19"
time="2022-11-10T23:53:31+03:00" level=info msg="read application configuration" func="Lesson1_Rest_API/internal/config.GetConfig.func1()" file="config.go:24"
time="2022-11-10T23:53:31+03:00" level=info func="Lesson1_Rest_API/internal/config.GetConfig.func1()" file="config.go:28"
time="2022-11-10T23:53:31+03:00" level=info msg="register user handler" func="main.main()" file="app.go:24"
time="2022-11-10T23:53:31+03:00" level=info msg="start application" func="main.start()" file="app.go:33"
time="2022-11-10T23:53:31+03:00" level=info msg="listen tcp port" func="main.start()" file="app.go:50"
time="2022-11-10T23:53:31+03:00" level=info msg="server is listening port 0.0.0.0:10000" func="main.start()" file="app.go:52"
time="2022-11-11T00:10:34+03:00" level=info msg="create router" func="main.main()" file="app.go:19"
time="2022-11-11T00:10:34+03:00" level=info msg="read application configuration" func="Lesson1_Rest_API/internal/config.GetConfig.func1()" file="config.go:24"
time="2022-11-11T00:10:34+03:00" level=info func="Lesson1_Rest_API/internal/config.GetConfig.func1()" file="config.go:28"
time="2022-11-11T00:10:34+03:00" level=info msg="register user handler" func="main.main()" file="app.go:24"
time="2022-11-11T00:10:34+03:00" level=info msg="start application" func="main.start()" file="app.go:33"
time="2022-11-11T00:10:34+03:00" level=info msg="detect app.path" func="main.start()" file="app.go:37"
time="2022-11-11T00:10:34+03:00" level=info msg="create socket" func="main.start()" file="app.go:42"
time="2022-11-11T00:10:34+03:00" level=info msg="listen unix socket" func="main.start()" file="app.go:45"
time="2022-11-11T00:10:34+03:00" level=info msg="server is listering unix socket:/home/shindos/My_training_Go/My_training_Go/The Art of Development/Lessons_Golang2_Advanced_Playlist2/Lesson1_Rest_API/build/app.sock" func="main.start()" file="app.go:47"
time="2022-11-11T00:10:34+03:00" level=fatal msg="listen unix /home/shindos/My_training_Go/My_training_Go/The Art of Development/Lessons_Golang2_Advanced_Playlist2/Lesson1_Rest_API/build/app.sock: bind: invalid argument" func="main.start()" file="app.go:55"
time="2022-11-11T00:10:53+03:00" level=info msg="create router" func="main.main()" file="app.go:19"
time="2022-11-11T00:10:53+03:00" level=info msg="read application configuration" func="Lesson1_Rest_API/internal/config.GetConfig.func1()" file="config.go:24"
time="2022-11-11T00:10:53+03:00" level=info func="Lesson1_Rest_API/internal/config.GetConfig.func1()" file="config.go:28"
time="2022-11-11T00:10:53+03:00" level=info msg="register user handler" func="main.main()" file="app.go:24"
time="2022-11-11T00:10:53+03:00" level=info msg="start application" func="main.start()" file="app.go:33"
time="2022-11-11T00:10:53+03:00" level=info msg="detect app.path" func="main.start()" file="app.go:37"
time="2022-11-11T00:10:53+03:00" level=info msg="create socket" func="main.start()" file="app.go:42"
time="2022-11-11T00:10:53+03:00" level=info msg="listen unix socket" func="main.start()" file="app.go:45"
time="2022-11-11T00:10:53+03:00" level=info msg="server is listering unix socket:/home/shindos/My_training_Go/My_training_Go/The Art of Development/Lessons_Golang2_Advanced_Playlist2/Lesson1_Rest_API/build/app.sock" func="main.start()" file="app.go:47"
time="2022-11-11T00:11:06+03:00" level=info msg="create router" func="main.main()" file="app.go:19"
time="2022-11-11T00:11:06+03:00" level=info msg="read application configuration" func="Lesson1_Rest_API/internal/config.GetConfig.func1()" file="config.go:24"
time="2022-11-11T00:11:06+03:00" level=info func="Lesson1_Rest_API/internal/config.GetConfig.func1()" file="config.go:28"
time="2022-11-11T00:11:06+03:00" level=info msg="register user handler" func="main.main()" file="app.go:24"
time="2022-11-11T00:11:06+03:00" level=info msg="start application" func="main.start()" file="app.go:33"
time="2022-11-11T00:11:06+03:00" level=info msg="detect app.path" func="main.start()" file="app.go:37"
time="2022-11-11T00:11:06+03:00" level=info msg="create socket" func="main.start()" file="app.go:42"
time="2022-11-11T00:11:06+03:00" level=info msg="listen unix socket" func="main.start()" file="app.go:45"
time="2022-11-11T00:11:06+03:00" level=info msg="server is listering unix socket:/home/shindos/My_training_Go/My_training_Go/The Art of Development/Lessons_Golang2_Advanced_Playlist2/Lesson1_Rest_API/build/app.sock" func="main.start()" file="app.go:47"
time="2022-11-11T21:28:44+03:00" level=info msg="create router" func="main.main()" file="app.go:19"
time="2022-11-11T21:28:44+03:00" level=info msg="read application configuration" func="Lesson1_Rest_API/internal/config.GetConfig.func1()" file="config.go:24"
time="2022-11-11T21:28:44+03:00" level=info func="Lesson1_Rest_API/internal/config.GetConfig.func1()" file="config.go:28"
time="2022-11-11T21:28:44+03:00" level=info msg="register user handler" func="main.main()" file="app.go:24"
time="2022-11-11T21:28:44+03:00" level=info msg="start application" func="main.start()" file="app.go:33"
time="2022-11-11T21:28:44+03:00" level=info msg="detect app.path" func="main.start()" file="app.go:37"
time="2022-11-11T21:28:44+03:00" level=info msg="create socket" func="main.start()" file="app.go:42"
time="2022-11-11T21:28:44+03:00" level=info msg="listen unix socket" func="main.start()" file="app.go:45"
time="2022-11-11T21:28:44+03:00" level=info msg="server is listering unix socket:/tmp/GoLand/app.sock" func="main.start()" file="app.go:47"
time="2022-11-11T21:29:44+03:00" level=info msg="create router" func="main.main()" file="app.go:19"
time="2022-11-11T21:29:44+03:00" level=info msg="read application configuration" func="Lesson1_Rest_API/internal/config.GetConfig.func1()" file="config.go:24"
time="2022-11-11T21:29:44+03:00" level=info func="Lesson1_Rest_API/internal/config.GetConfig.func1()" file="config.go:28"
time="2022-11-11T21:29:44+03:00" level=info msg="register user handler" func="main.main()" file="app.go:24"
time="2022-11-11T21:29:44+03:00" level=info msg="start application" func="main.start()" file="app.go:33"
time="2022-11-11T21:29:44+03:00" level=info msg="detect app.path" func="main.start()" file="app.go:37"
time="2022-11-11T21:29:44+03:00" level=info msg="create socket" func="main.start()" file="app.go:42"
time="2022-11-11T21:29:44+03:00" level=info msg="listen unix socket" func="main.start()" file="app.go:45"
time="2022-11-11T21:29:44+03:00" level=info msg="server is listering unix socket:/tmp/GoLand/app.sock" func="main.start()" file="app.go:47"
time="2022-11-11T21:29:44+03:00" level=fatal msg="listen unix /tmp/GoLand/app.sock: bind: address already in use" func="main.start()" file="app.go:55"
time="2022-11-11T21:36:31+03:00" level=info msg="create router" func="main.main()" file="app.go:19"
time="2022-11-11T21:36:31+03:00" level=info msg="read application configuration" func="Lesson1_Rest_API/internal/config.GetConfig.func1()" file="config.go:24"
time="2022-11-11T21:36:31+03:00" level=info func="Lesson1_Rest_API/internal/config.GetConfig.func1()" file="config.go:28"
time="2022-11-11T21:36:31+03:00" level=info msg="register user handler" func="main.main()" file="app.go:24"
time="2022-11-11T21:36:31+03:00" level=info msg="start application" func="main.start()" file="app.go:33"
time="2022-11-11T21:36:31+03:00" level=info msg="detect app.path" func="main.start()" file="app.go:37"
time="2022-11-11T21:36:31+03:00" level=info msg="create socket" func="main.start()" file="app.go:42"
time="2022-11-11T21:36:31+03:00" level=info msg="listen unix socket" func="main.start()" file="app.go:45"
time="2022-11-11T21:36:31+03:00" level=info msg="server is listering unix socket: /tmp/GoLand/app.sock" func="main.start()" file="app.go:47"
time="2022-11-11T21:36:31+03:00" level=fatal msg="listen unix /tmp/GoLand/app.sock: bind: address already in use" func="main.start()" file="app.go:55"
time="2022-11-11T21:42:06+03:00" level=info msg="create router" func="main.main()" file="app.go:19"
time="2022-11-11T21:42:06+03:00" level=info msg="read application configuration" func="Lesson1_Rest_API/internal/config.GetConfig.func1()" file="config.go:24"
time="2022-11-11T21:42:06+03:00" level=info func="Lesson1_Rest_API/internal/config.GetConfig.func1()" file="config.go:28"
time="2022-11-11T21:42:06+03:00" level=info msg="register user handler" func="main.main()" file="app.go:24"
time="2022-11-11T21:42:06+03:00" level=info msg="start application" func="main.start()" file="app.go:33"
time="2022-11-11T21:42:06+03:00" level=info msg="detect app.path" func="main.start()" file="app.go:37"
time="2022-11-11T21:42:06+03:00" level=info msg="create socket" func="main.start()" file="app.go:42"
time="2022-11-11T21:42:06+03:00" level=info msg="listen unix socket" func="main.start()" file="app.go:45"
time="2022-11-11T21:42:06+03:00" level=info msg="server is listering unix socket: /tmp/GoLand/app.sock" func="main.start()" file="app.go:47"
time="2022-11-11T21:42:06+03:00" level=fatal msg="listen unix /tmp/GoLand/app.sock: bind: address already in use" func="main.start()" file="app.go:55"
time="2022-11-11T21:42:08+03:00" level=info msg="create router" func="main.main()" file="app.go:19"
time="2022-11-11T21:42:08+03:00" level=info msg="read application configuration" func="Lesson1_Rest_API/internal/config.GetConfig.func1()" file="config.go:24"
time="2022-11-11T21:42:08+03:00" level=info func="Lesson1_Rest_API/internal/config.GetConfig.func1()" file="config.go:28"
time="2022-11-11T21:42:08+03:00" level=info msg="register user handler" func="main.main()" file="app.go:24"
time="2022-11-11T21:42:08+03:00" level=info msg="start application" func="main.start()" file="app.go:33"
time="2022-11-11T21:42:08+03:00" level=info msg="detect app.path" func="main.start()" file="app.go:37"
time="2022-11-11T21:42:08+03:00" level=info msg="create socket" func="main.start()" file="app.go:42"
time="2022-11-11T21:42:08+03:00" level=info msg="listen unix socket" func="main.start()" file="app.go:45"
time="2022-11-11T21:42:08+03:00" level=info msg="server is listering unix socket: /tmp/GoLand/app.sock" func="main.start()" file="app.go:47"
time="2022-11-11T21:42:08+03:00" level=fatal msg="listen unix /tmp/GoLand/app.sock: bind: address already in use" func="main.start()" file="app.go:55"
time="2022-11-11T21:42:09+03:00" level=info msg="create router" func="main.main()" file="app.go:19"
time="2022-11-11T21:42:09+03:00" level=info msg="read application configuration" func="Lesson1_Rest_API/internal/config.GetConfig.func1()" file="config.go:24"
time="2022-11-11T21:42:09+03:00" level=info func="Lesson1_Rest_API/internal/config.GetConfig.func1()" file="config.go:28"
time="2022-11-11T21:42:09+03:00" level=info msg="register user handler" func="main.main()" file="app.go:24"
time="2022-11-11T21:42:09+03:00" level=info msg="start application" func="main.start()" file="app.go:33"
time="2022-11-11T21:42:09+03:00" level=info msg="detect app.path" func="main.start()" file="app.go:37"
time="2022-11-11T21:42:09+03:00" level=info msg="create socket" func="main.start()" file="app.go:42"
time="2022-11-11T21:42:09+03:00" level=info msg="listen unix socket" func="main.start()" file="app.go:45"
time="2022-11-11T21:42:09+03:00" level=info msg="server is listering unix socket: /tmp/GoLand/app.sock" func="main.start()" file="app.go:47"
time="2022-11-11T21:42:09+03:00" level=fatal msg="listen unix /tmp/GoLand/app.sock: bind: address already in use" func="main.start()" file="app.go:55"
time="2022-11-11T21:42:11+03:00" level=info msg="create router" func="main.main()" file="app.go:19"
time="2022-11-11T21:42:11+03:00" level=info msg="read application configuration" func="Lesson1_Rest_API/internal/config.GetConfig.func1()" file="config.go:24"
time="2022-11-11T21:42:11+03:00" level=info func="Lesson1_Rest_API/internal/config.GetConfig.func1()" file="config.go:28"
time="2022-11-11T21:42:11+03:00" level=info msg="register user handler" func="main.main()" file="app.go:24"
time="2022-11-11T21:42:11+03:00" level=info msg="start application" func="main.start()" file="app.go:33"
time="2022-11-11T21:42:11+03:00" level=info msg="detect app.path" func="main.start()" file="app.go:37"
time="2022-11-11T21:42:11+03:00" level=info msg="create socket" func="main.start()" file="app.go:42"
time="2022-11-11T21:42:11+03:00" level=info msg="listen unix socket" func="main.start()" file="app.go:45"
time="2022-11-11T21:42:11+03:00" level=info msg="server is listering unix socket: /tmp/GoLand/app.sock" func="main.start()" file="app.go:47"
time="2022-11-11T21:42:11+03:00" level=fatal msg="listen unix /tmp/GoLand/app.sock: bind: address already in use" func="main.start()" file="app.go:55"
time="2022-11-11T21:43:05+03:00" level=info msg="create router" func="main.main()" file="app.go:19"
time="2022-11-11T21:43:05+03:00" level=info msg="read application configuration" func="Lesson1_Rest_API/internal/config.GetConfig.func1()" file="config.go:24"
time="2022-11-11T21:43:05+03:00" level=info func="Lesson1_Rest_API/internal/config.GetConfig.func1()" file="config.go:28"
time="2022-11-11T21:43:05+03:00" level=info msg="register user handler" func="main.main()" file="app.go:24"
time="2022-11-11T21:43:05+03:00" level=info msg="start application" func="main.start()" file="app.go:33"
time="2022-11-11T21:43:05+03:00" level=info msg="detect app.path" func="main.start()" file="app.go:37"
time="2022-11-11T21:43:05+03:00" level=info msg="create socket" func="main.start()" file="app.go:42"
time="2022-11-11T21:43:05+03:00" level=info msg="listen unix socket" func="main.start()" file="app.go:45"
time="2022-11-11T21:43:05+03:00" level=info msg="server is listering unix socket: /tmp/GoLand/app.sock" func="main.start()" file="app.go:47"
time="2022-11-11T21:43:05+03:00" level=fatal msg="listen unix /tmp/GoLand/app.sock: bind: address already in use" func="main.start()" file="app.go:55"
time="2022-11-11T21:43:19+03:00" level=info msg="create router" func="main.main()" file="app.go:19"
time="2022-11-11T21:43:19+03:00" level=info msg="read application configuration" func="Lesson1_Rest_API/internal/config.GetConfig.func1()" file="config.go:24"
time="2022-11-11T21:43:19+03:00" level=info func="Lesson1_Rest_API/internal/config.GetConfig.func1()" file="config.go:28"
time="2022-11-11T21:43:19+03:00" level=info msg="register user handler" func="main.main()" file="app.go:24"
time="2022-11-11T21:43:19+03:00" level=info msg="start application" func="main.start()" file="app.go:33"
time="2022-11-11T21:43:19+03:00" level=info msg="detect app.path" func="main.start()" file="app.go:37"
time="2022-11-11T21:43:19+03:00" level=info msg="create socket" func="main.start()" file="app.go:42"
time="2022-11-11T21:43:19+03:00" level=info msg="listen unix socket" func="main.start()" file="app.go:45"
time="2022-11-11T21:43:19+03:00" level=info msg="server is listering unix socket: /tmp/GoLand/app.sock" func="main.start()" file="app.go:47"
time="2022-11-11T21:43:19+03:00" level=fatal msg="listen unix /tmp/GoLand/app.sock: bind: address already in use" func="main.start()" file="app.go:55"
time="2022-11-11T21:44:45+03:00" level=info msg="create router" func="main.main()" file="app.go:19"
time="2022-11-11T21:44:45+03:00" level=info msg="read application configuration" func="Lesson1_Rest_API/internal/config.GetConfig.func1()" file="config.go:24"
time="2022-11-11T21:44:45+03:00" level=info func="Lesson1_Rest_API/internal/config.GetConfig.func1()" file="config.go:28"
time="2022-11-11T21:44:45+03:00" level=info msg="register user handler" func="main.main()" file="app.go:24"
time="2022-11-11T21:44:45+03:00" level=info msg="start application" func="main.start()" file="app.go:33"
time="2022-11-11T21:44:45+03:00" level=info msg="detect app.path" func="main.start()" file="app.go:37"
time="2022-11-11T21:44:45+03:00" level=info msg="create socket" func="main.start()" file="app.go:42"
time="2022-11-11T21:44:45+03:00" level=info msg="listen unix socket" func="main.start()" file="app.go:45"
time="2022-11-11T21:44:45+03:00" level=info msg="server is listering unix socket: /tmp/GoLand/app.sock" func="main.start()" file="app.go:47"
time="2022-11-11T21:44:45+03:00" level=fatal msg="listen unix /tmp/GoLand/app.sock: bind: address already in use" func="main.start()" file="app.go:55"
time="2022-11-11T21:44:59+03:00" level=info msg="create router" func="main.main()" file="app.go:19"
time="2022-11-11T21:44:59+03:00" level=info msg="read application configuration" func="Lesson1_Rest_API/internal/config.GetConfig.func1()" file="config.go:24"
time="2022-11-11T21:44:59+03:00" level=info func="Lesson1_Rest_API/internal/config.GetConfig.func1()" file="config.go:28"
time="2022-11-11T21:44:59+03:00" level=info msg="register user handler" func="main.main()" file="app.go:24"
time="2022-11-11T21:44:59+03:00" level=info msg="start application" func="main.start()" file="app.go:33"
time="2022-11-11T21:44:59+03:00" level=info msg="detect app.path" func="main.start()" file="app.go:37"
time="2022-11-11T21:44:59+03:00" level=info msg="create socket" func="main.start()" file="app.go:42"
time="2022-11-11T21:44:59+03:00" level=info msg="listen unix socket" func="main.start()" file="app.go:45"
time="2022-11-11T21:44:59+03:00" level=info msg="server is listering unix socket: /tmp/GoLand/app.sock" func="main.start()" file="app.go:47"
time="2022-11-11T21:45:56+03:00" level=info msg="create router" func="main.main()" file="app.go:19"
time="2022-11-11T21:45:56+03:00" level=info msg="read application configuration" func="Lesson1_Rest_API/internal/config.GetConfig.func1()" file="config.go:24"
time="2022-11-11T21:45:56+03:00" level=info func="Lesson1_Rest_API/internal/config.GetConfig.func1()" file="config.go:28"
time="2022-11-11T21:45:56+03:00" level=info msg="register user handler" func="main.main()" file="app.go:24"
time="2022-11-11T21:45:56+03:00" level=info msg="start application" func="main.start()" file="app.go:33"
time="2022-11-11T21:45:56+03:00" level=info msg="detect app.path" func="main.start()" file="app.go:37"
time="2022-11-11T21:45:56+03:00" level=info msg="create socket" func="main.start()" file="app.go:42"
time="2022-11-11T21:45:56+03:00" level=info msg="listen unix socket" func="main.start()" file="app.go:45"
time="2022-11-11T21:45:56+03:00" level=info msg="server is listering unix socket: /tmp/GoLand/app.sock" func="main.start()" file="app.go:47"
time="2022-11-11T21:45:56+03:00" level=fatal msg="listen unix /tmp/GoLand/app.sock: bind: address already in use" func="main.start()" file="app.go:55"
time="2022-11-11T21:46:56+03:00" level=info msg="create router" func="main.main()" file="app.go:19"
time="2022-11-11T21:46:56+03:00" level=info msg="read application configuration" func="Lesson1_Rest_API/internal/config.GetConfig.func1()" file="config.go:24"
time="2022-11-11T21:46:56+03:00" level=info func="Lesson1_Rest_API/internal/config.GetConfig.func1()" file="config.go:28"
time="2022-11-11T21:46:56+03:00" level=fatal msg="field \"IsDebug\" is required but the value is not provided" func="Lesson1_Rest_API/internal/config.GetConfig.func1()" file="config.go:29"
time="2022-11-11T21:47:05+03:00" level=info msg="create router" func="main.main()" file="app.go:19"
time="2022-11-11T21:47:05+03:00" level=info msg="read application configuration" func="Lesson1_Rest_API/internal/config.GetConfig.func1()" file="config.go:24"
time="2022-11-11T21:47:05+03:00" level=info func="Lesson1_Rest_API/internal/config.GetConfig.func1()" file="config.go:28"
time="2022-11-11T21:47:05+03:00" level=fatal msg="field \"IsDebug\" is required but the value is not provided" func="Lesson1_Rest_API/internal/config.GetConfig.func1()" file="config.go:29"
time="2022-11-11T21:47:06+03:00" level=info msg="create router" func="main.main()" file="app.go:19"
time="2022-11-11T21:47:06+03:00" level=info msg="read application configuration" func="Lesson1_Rest_API/internal/config.GetConfig.func1()" file="config.go:24"
time="2022-11-11T21:47:06+03:00" level=info func="Lesson1_Rest_API/internal/config.GetConfig.func1()" file="config.go:28"
time="2022-11-11T21:47:06+03:00" level=fatal msg="field \"IsDebug\" is required but the value is not provided" func="Lesson1_Rest_API/internal/config.GetConfig.func1()" file="config.go:29"
time="2022-11-11T21:47:07+03:00" level=info msg="create router" func="main.main()" file="app.go:19"
time="2022-11-11T21:47:07+03:00" level=info msg="read application configuration" func="Lesson1_Rest_API/internal/config.GetConfig.func1()" file="config.go:24"
time="2022-11-11T21:47:07+03:00" level=info func="Lesson1_Rest_API/internal/config.GetConfig.func1()" file="config.go:28"
time="2022-11-11T21:47:07+03:00" level=fatal msg="field \"IsDebug\" is required but the value is not provided" func="Lesson1_Rest_API/internal/config.GetConfig.func1()" file="config.go:29"
time="2022-11-14T00:04:51+03:00" level=info msg="create router" func="main.main()" file="app.go:22"
time="2022-11-14T00:04:51+03:00" level=info msg="read application configuration" func="Lesson1_Rest_API/internal/config.GetConfig.func1()" file="config.go:33"
time="2022-11-14T00:15:21+03:00" level=info msg="create router" func="main.main()" file="app.go:22"
time="2022-11-14T00:15:21+03:00" level=info msg="read application configuration" func="Lesson1_Rest_API/internal/config.GetConfig.func1()" file="config.go:33"
time="2022-11-14T00:20:09+03:00" level=info msg="create router" func="main.main()" file="app.go:22"
time="2022-11-14T00:20:09+03:00" level=info msg="read application configuration" func="Lesson1_Rest_API/internal/config.GetConfig.func1()" file="config.go:33"
time="2022-11-14T00:20:26+03:00" level=info msg="create router" func="main.main()" file="app.go:22"
time="2022-11-14T00:20:26+03:00" level=info msg="read application configuration" func="Lesson1_Rest_API/internal/config.GetConfig.func1()" file="config.go:33"
time="2022-11-15T22:28:58+03:00" level=info msg="create router" func="main.main()" file="app.go:22"
time="2022-11-15T22:28:58+03:00" level=info msg="read application configuration" func="Lesson1_Rest_API/internal/config.GetConfig.func1()" file="config.go:33"
time="2022-11-15T22:30:12+03:00" level=debug msg="create user" func="Lesson1_Rest_API/internal/user/db.db.Create()" file="mongodb.go:20"
time="2022-11-15T22:38:56+03:00" level=info msg="create router" func="main.main()" file="app.go:22"
time="2022-11-15T22:38:56+03:00" level=info msg="read application configuration" func="Lesson1_Rest_API/internal/config.GetConfig.func1()" file="config.go:33"
time="2022-11-15T22:39:11+03:00" level=debug msg="create user" func="Lesson1_Rest_API/internal/user/db.db.Create()" file="mongodb.go:20"
time="2022-11-15T22:48:43+03:00" level=info msg="create router" func="main.main()" file="app.go:22"
time="2022-11-15T22:48:43+03:00" level=info msg="read application configuration" func="Lesson1_Rest_API/internal/config.GetConfig.func1()" file="config.go:33"
time="2022-11-15T22:48:49+03:00" level=debug msg="create user" func="Lesson1_Rest_API/internal/user/db.db.Create()" file="mongodb.go:20"
time="2022-11-15T22:50:10+03:00" level=info msg="create router" func="main.main()" file="app.go:22"
time="2022-11-15T22:50:10+03:00" level=info msg="read application configuration" func="Lesson1_Rest_API/internal/config.GetConfig.func1()" file="config.go:33"
time="2022-11-15T22:50:18+03:00" level=debug msg="create user" func="Lesson1_Rest_API/internal/user/db.db.Create()" file="mongodb.go:20"
time="2022-11-15T23:05:41+03:00" level=info msg="create router" func="main.main()" file="app.go:22"
time="2022-11-15T23:05:41+03:00" level=info msg="read application configuration" func="Lesson1_Rest_API/internal/config.GetConfig.func1()" file="config.go:33"
time="2022-11-15T23:08:00+03:00" level=info msg="create router" func="main.main()" file="app.go:22"
time="2022-11-15T23:08:00+03:00" level=info msg="read application configuration" func="Lesson1_Rest_API/internal/config.GetConfig.func1()" file="config.go:33"
time="2022-11-15T23:08:19+03:00" level=debug msg="create user" func="Lesson1_Rest_API/internal/user/db.db.Create()" file="mongodb.go:20"
time="2022-11-15T23:12:10+03:00" level=info msg="create router" func="main.main()" file="app.go:22"
time="2022-11-15T23:12:10+03:00" level=info msg="read application configuration" func="Lesson1_Rest_API/internal/config.GetConfig.func1()" file="config.go:40"
time="2022-11-15T23:12:16+03:00" level=debug msg="create user" func="Lesson1_Rest_API/internal/user/db.db.Create()" file="mongodb.go:20"
time="2022-11-15T23:13:06+03:00" level=info msg="create router" func="main.main()" file="app.go:22"
time="2022-11-15T23:13:06+03:00" level=info msg="read application configuration" func="Lesson1_Rest_API/internal/config.GetConfig.func1()" file="config.go:33"
time="2022-11-15T23:13:12+03:00" level=debug msg="create user" func="Lesson1_Rest_API/internal/user/db.db.Create()" file="mongodb.go:20"
time="2022-11-15T23:15:05+03:00" level=info msg="create router" func="main.main()" file="app.go:22"
time="2022-11-15T23:15:05+03:00" level=info msg="read application configuration" func="Lesson1_Rest_API/internal/config.GetConfig.func1()" file="config.go:33"
time="2022-11-15T23:15:15+03:00" level=debug msg="create user" func="Lesson1_Rest_API/internal/user/db.db.Create()" file="mongodb.go:20"
time="2022-11-15T23:25:07+03:00" level=info msg="create router" func="main.main()" file="app.go:22"
time="2022-11-15T23:25:07+03:00" level=info msg="read application configuration" func="Lesson1_Rest_API/internal/config.GetConfig.func1()" file="config.go:33"
time="2022-11-15T23:25:12+03:00" level=debug msg="create user" func="Lesson1_Rest_API/internal/user/db.db.Create()" file="mongodb.go:20"
time="2022-11-15T23:27:38+03:00" level=info msg="create router" func="main.main()" file="app.go:22"
time="2022-11-15T23:27:38+03:00" level=info msg="read application configuration" func="Lesson1_Rest_API/internal/config.GetConfig.func1()" file="config.go:33"
time="2022-11-15T23:28:27+03:00" level=debug msg="create user" func="Lesson1_Rest_API/internal/user/db.db.Create()" file="mongodb.go:20"
time="2022-11-15T23:28:34+03:00" level=info msg="create router" func="main.main()" file="app.go:22"
time="2022-11-15T23:28:34+03:00" level=info msg="read application configuration" func="Lesson1_Rest_API/internal/config.GetConfig.func1()" file="config.go:33"
time="2022-11-15T23:28:54+03:00" level=debug msg="create user" func="Lesson1_Rest_API/internal/user/db.db.Create()" file="mongodb.go:20"
time="2022-11-15T23:35:02+03:00" level=info msg="create router" func="main.main()" file="app.go:22"
time="2022-11-15T23:35:02+03:00" level=info msg="read application configuration" func="Lesson1_Rest_API/internal/config.GetConfig.func1()" file="config.go:33"
time="2022-11-15T23:35:21+03:00" level=info msg="create router" func="main.main()" file="app.go:22"
time="2022-11-15T23:35:21+03:00" level=info msg="read application configuration" func="Lesson1_Rest_API/internal/config.GetConfig.func1()" file="config.go:33"
time="2022-11-15T23:38:18+03:00" level=info msg="create router" func="main.main()" file="app.go:22"
time="2022-11-15T23:38:18+03:00" level=info msg="read application configuration" func="Lesson1_Rest_API/internal/config.GetConfig.func1()" file="config.go:33"
time="2022-11-15T23:38:29+03:00" level=debug msg="create user" func="Lesson1_Rest_API/internal/user/db.db.Create()" file="mongodb.go:20"
time="2022-11-15T23:38:29+03:00" level=debug msg="convert InsertedID to ObjectID" func="Lesson1_Rest_API/internal/user/db.db.Create()" file="mongodb.go:25"
time="2022-11-15T23:38:32+03:00" level=info msg=6373f8c57f101d7b2df59dc6 func="main.main()" file="app.go:47"
time="2022-11-15T23:38:34+03:00" level=info msg="register user handler" func="main.main()" file="app.go:49"
time="2022-11-15T23:38:58+03:00" level=info msg="start application" func="main.start()" file="app.go:58"
time="2022-11-15T23:38:58+03:00" level=info msg="detect app.path" func="main.start()" file="app.go:64"
time="2022-11-15T23:38:58+03:00" level=info msg="create socket" func="main.start()" file="app.go:69"
time="2022-11-15T23:38:58+03:00" level=info msg="listen unix socket" func="main.start()" file="app.go:72"
time="2022-11-15T23:38:58+03:00" level=info msg="server is listering unix socket: /tmp/GoLand/app.sock" func="main.start()" file="app.go:74"
time="2022-11-15T23:40:40+03:00" level=info msg="create router" func="main.main()" file="app.go:22"
time="2022-11-15T23:40:40+03:00" level=info msg="read application configuration" func="Lesson1_Rest_API/internal/config.GetConfig.func1()" file="config.go:33"
time="2022-11-15T23:40:47+03:00" level=debug msg="create user" func="Lesson1_Rest_API/internal/user/db.db.Create()" file="mongodb.go:20"
time="2022-11-15T23:40:47+03:00" level=debug msg="convert InsertedID to ObjectID" func="Lesson1_Rest_API/internal/user/db.db.Create()" file="mongodb.go:25"
time="2022-11-15T23:40:47+03:00" level=info msg=6373f94f48822701c4b9145d func="main.main()" file="app.go:47"
time="2022-11-15T23:40:48+03:00" level=info msg="register user handler" func="main.main()" file="app.go:49"
time="2022-11-15T23:42:31+03:00" level=info msg="create router" func="main.main()" file="app.go:22"
time="2022-11-15T23:42:31+03:00" level=info msg="read application configuration" func="Lesson1_Rest_API/internal/config.GetConfig.func1()" file="config.go:33"
time="2022-11-15T23:42:54+03:00" level=info msg="create router" func="main.main()" file="app.go:22"
time="2022-11-15T23:42:54+03:00" level=info msg="read application configuration" func="Lesson1_Rest_API/internal/config.GetConfig.func1()" file="config.go:33"
time="2022-11-15T23:42:58+03:00" level=debug msg="create user" func="Lesson1_Rest_API/internal/user/db.db.Create()" file="mongodb.go:20"
time="2022-11-15T23:42:58+03:00" level=debug msg="convert InsertedID to ObjectID" func="Lesson1_Rest_API/internal/user/db.db.Create()" file="mongodb.go:25"
time="2022-11-15T23:42:59+03:00" level=info msg=6373f9d2faf1671543198745 func="main.main()" file="app.go:47"
time="2022-11-15T23:42:59+03:00" level=info msg="register user handler" func="main.main()" file="app.go:49"
time="2022-11-15T23:42:59+03:00" level=info msg="start application" func="main.start()" file="app.go:58"
time="2022-11-15T23:42:59+03:00" level=info msg="detect app.path" func="main.start()" file="app.go:64"
time="2022-11-15T23:42:59+03:00" level=info msg="create socket" func="main.start()" file="app.go:69"
time="2022-11-15T23:42:59+03:00" level=info msg="listen unix socket" func="main.start()" file="app.go:72"
time="2022-11-15T23:42:59+03:00" level=info msg="server is listering unix socket: /tmp/GoLand/app.sock" func="main.start()" file="app.go:74"
time="2022-11-15T23:42:59+03:00" level=fatal msg="listen unix /tmp/GoLand/app.sock: bind: address already in use" func="main.start()" file="app.go:82"
time="2022-11-15T23:43:06+03:00" level=info msg="create router" func="main.main()" file="app.go:22"
time="2022-11-15T23:43:06+03:00" level=info msg="read application configuration" func="Lesson1_Rest_API/internal/config.GetConfig.func1()" file="config.go:33"
time="2022-11-15T23:43:11+03:00" level=debug msg="create user" func="Lesson1_Rest_API/internal/user/db.db.Create()" file="mongodb.go:20"
time="2022-11-15T23:43:11+03:00" level=debug msg="convert InsertedID to ObjectID" func="Lesson1_Rest_API/internal/user/db.db.Create()" file="mongodb.go:25"
time="2022-11-15T23:43:12+03:00" level=info msg=6373f9dfb5c08b0cd4afb1d4 func="main.main()" file="app.go:47"
time="2022-11-15T23:43:13+03:00" level=info msg="register user handler" func="main.main()" file="app.go:49"
time="2022-11-15T23:43:14+03:00" level=info msg="start application" func="main.start()" file="app.go:58"
time="2022-11-15T23:43:14+03:00" level=info msg="detect app.path" func="main.start()" file="app.go:64"
time="2022-11-15T23:43:14+03:00" level=info msg="create socket" func="main.start()" file="app.go:69"
time="2022-11-15T23:43:14+03:00" level=info msg="listen unix socket" func="main.start()" file="app.go:72"
time="2022-11-15T23:43:14+03:00" level=info msg="server is listering unix socket: /tmp/GoLand/app.sock" func="main.start()" file="app.go:74"
time="2022-11-15T23:43:14+03:00" level=fatal msg="listen unix /tmp/GoLand/app.sock: bind: address already in use" func="main.start()" file="app.go:82"
time="2022-11-15T23:43:52+03:00" level=info msg="create router" func="main.main()" file="app.go:22"
time="2022-11-15T23:43:52+03:00" level=info msg="read application configuration" func="Lesson1_Rest_API/internal/config.GetConfig.func1()" file="config.go:33"
time="2022-11-15T23:43:52+03:00" level=debug msg="create user" func="Lesson1_Rest_API/internal/user/db.db.Create()" file="mongodb.go:20"
time="2022-11-15T23:43:52+03:00" level=debug msg="convert InsertedID to ObjectID" func="Lesson1_Rest_API/internal/user/db.db.Create()" file="mongodb.go:25"
time="2022-11-15T23:43:52+03:00" level=info msg=6373fa0899c7899a0debd821 func="main.main()" file="app.go:47"
time="2022-11-15T23:43:52+03:00" level=info msg="register user handler" func="main.main()" file="app.go:49"
time="2022-11-15T23:43:52+03:00" level=info msg="start application" func="main.start()" file="app.go:58"
time="2022-11-15T23:43:52+03:00" level=info msg="detect app.path" func="main.start()" file="app.go:64"
time="2022-11-15T23:43:52+03:00" level=info msg="create socket" func="main.start()" file="app.go:69"
time="2022-11-15T23:43:52+03:00" level=info msg="listen unix socket" func="main.start()" file="app.go:72"
time="2022-11-15T23:43:52+03:00" level=info msg="server is listering unix socket: /tmp/GoLand/app.sock" func="main.start()" file="app.go:74"
time="2022-11-15T23:43:52+03:00" level=fatal msg="listen unix /tmp/GoLand/app.sock: bind: address already in use" func="main.start()" file="app.go:82"
time="2022-11-15T23:44:16+03:00" level=info msg="create router" func="main.main()" file="app.go:22"
time="2022-11-15T23:44:16+03:00" level=info msg="read application configuration" func="Lesson1_Rest_API/internal/config.GetConfig.func1()" file="config.go:33"
time="2022-11-15T23:44:23+03:00" level=debug msg="create user" func="Lesson1_Rest_API/internal/user/db.db.Create()" file="mongodb.go:20"
time="2022-11-15T23:44:23+03:00" level=debug msg="convert InsertedID to ObjectID" func="Lesson1_Rest_API/internal/user/db.db.Create()" file="mongodb.go:25"
time="2022-11-15T23:44:27+03:00" level=info msg=6373fa27f2b152fb5d5240ad func="main.main()" file="app.go:47"
time="2022-11-15T23:44:29+03:00" level=info msg="register user handler" func="main.main()" file="app.go:49"
time="2022-11-15T23:44:31+03:00" level=info msg="start application" func="main.start()" file="app.go:58"
time="2022-11-15T23:44:31+03:00" level=info msg="detect app.path" func="main.start()" file="app.go:64"
time="2022-11-15T23:44:31+03:00" level=info msg="create socket" func="main.start()" file="app.go:69"
time="2022-11-15T23:44:31+03:00" level=info msg="listen unix socket" func="main.start()" file="app.go:72"
time="2022-11-15T23:44:31+03:00" level=info msg="server is listering unix socket: /tmp/GoLand/app.sock" func="main.start()" file="app.go:74"
time="2022-11-15T23:44:31+03:00" level=fatal msg="listen unix /tmp/GoLand/app.sock: bind: address already in use" func="main.start()" file="app.go:82"
time="2022-11-15T23:46:06+03:00" level=info msg="create router" func="main.main()" file="app.go:22"
time="2022-11-15T23:46:06+03:00" level=info msg="read application configuration" func="Lesson1_Rest_API/internal/config.GetConfig.func1()" file="config.go:33"
time="2022-11-15T23:46:19+03:00" level=debug msg="create user" func="Lesson1_Rest_API/internal/user/db.db.Create()" file="mongodb.go:20"
time="2022-11-15T23:46:19+03:00" level=debug msg="convert InsertedID to ObjectID" func="Lesson1_Rest_API/internal/user/db.db.Create()" file="mongodb.go:25"
time="2022-11-15T23:46:30+03:00" level=info msg=6373fa9be48c9a6e07bb2dbc func="main.main()" file="app.go:47"
time="2022-11-15T23:46:39+03:00" level=info msg="register user handler" func="main.main()" file="app.go:49"
time="2022-11-15T23:46:53+03:00" level=info msg="start application" func="main.start()" file="app.go:58"
time="2022-11-15T23:46:53+03:00" level=info msg="detect app.path" func="main.start()" file="app.go:64"
time="2022-11-15T23:46:53+03:00" level=info msg="create socket" func="main.start()" file="app.go:69"
time="2022-11-15T23:46:53+03:00" level=info msg="listen unix socket" func="main.start()" file="app.go:72"
time="2022-11-15T23:46:53+03:00" level=info msg="server is listering unix socket: /tmp/GoLand/app.sock" func="main.start()" file="app.go:74"
time="2022-11-15T23:46:53+03:00" level=fatal msg="listen unix /tmp/GoLand/app.sock: bind: address already in use" func="main.start()" file="app.go:82"
time="2022-11-15T23:57:15+03:00" level=info msg="create router" func="main.main()" file="app.go:22"
time="2022-11-15T23:57:15+03:00" level=info msg="read application configuration" func="Lesson1_Rest_API/internal/config.GetConfig.func1()" file="config.go:33"
time="2022-11-16T00:02:12+03:00" level=info msg="create router" func="main.main()" file="app.go:22"
time="2022-11-16T00:02:12+03:00" level=info msg="read application configuration" func="Lesson1_Rest_API/internal/config.GetConfig.func1()" file="config.go:33"
time="2022-11-16T00:02:18+03:00" level=debug msg="create user" func="Lesson1_Rest_API/internal/user/db.db.Create()" file="mongodb.go:20"
time="2022-11-16T00:02:18+03:00" level=debug msg="convert InsertedID to ObjectID" func="Lesson1_Rest_API/internal/user/db.db.Create()" file="mongodb.go:25"
time="2022-11-16T00:02:18+03:00" level=info msg=6373fe5af5c74dc820088d6d func="main.main()" file="app.go:47"
time="2022-11-16T00:02:19+03:00" level=info msg="register user handler" func="main.main()" file="app.go:49"
time="2022-11-16T00:02:19+03:00" level=info msg="start application" func="main.start()" file="app.go:58"
time="2022-11-16T00:02:19+03:00" level=info msg="detect app.path" func="main.start()" file="app.go:64"
time="2022-11-16T00:02:19+03:00" level=info msg="create socket" func="main.start()" file="app.go:69"
time="2022-11-16T00:02:19+03:00" level=info msg="listen unix socket" func="main.start()" file="app.go:72"
time="2022-11-16T00:02:19+03:00" level=info msg="server is listering unix socket: /tmp/GoLand/app.sock" func="main.start()" file="app.go:74"
time="2022-11-16T00:02:19+03:00" level=fatal msg="listen unix /tmp/GoLand/app.sock: bind: address already in use" func="main.start()" file="app.go:82"
time="2022-11-16T00:03:01+03:00" level=info msg="create router" func="main.main()" file="app.go:22"
time="2022-11-16T00:03:01+03:00" level=info msg="read application configuration" func="Lesson1_Rest_API/internal/config.GetConfig.func1()" file="config.go:33"
time="2022-11-16T00:03:05+03:00" level=debug msg="create user" func="Lesson1_Rest_API/internal/user/db.db.Create()" file="mongodb.go:20"
time="2022-11-16T00:03:05+03:00" level=debug msg="convert InsertedID to ObjectID" func="Lesson1_Rest_API/internal/user/db.db.Create()" file="mongodb.go:25"
time="2022-11-16T00:03:06+03:00" level=info msg=6373fe899bdb6b545320fa51 func="main.main()" file="app.go:47"
time="2022-11-16T00:03:06+03:00" level=info msg="register user handler" func="main.main()" file="app.go:49"
time="2022-11-16T00:31:54+03:00" level=info msg="create router" func="main.main()" file="app.go:22"
time="2022-11-16T00:31:54+03:00" level=info msg="read application configuration" func="Lesson1_Rest_API/internal/config.GetConfig.func1()" file="config.go:33"
time="2022-11-16T00:32:23+03:00" level=debug msg="create user" func="Lesson1_Rest_API/internal/user/db.db.Create()" file="mongodb.go:20"
time="2022-11-16T00:32:23+03:00" level=debug msg="convert InsertedID to ObjectID" func="Lesson1_Rest_API/internal/user/db.db.Create()" file="mongodb.go:25"
time="2022-11-16T00:32:26+03:00" level=info msg=637405675a45953697143996 func="main.main()" file="app.go:47"
time="2022-11-16T00:32:45+03:00" level=debug msg="create user" func="Lesson1_Rest_API/internal/user/db.db.Create()" file="mongodb.go:20"
time="2022-11-16T00:32:45+03:00" level=debug msg="convert InsertedID to ObjectID" func="Lesson1_Rest_API/internal/user/db.db.Create()" file="mongodb.go:25"
time="2022-11-16T00:32:58+03:00" level=info msg=6374057d5a45953697143997 func="main.main()" file="app.go:59"
time="2022-11-16T00:33:52+03:00" level=trace msg="Matched 1 documents and Modified 1 documents" func="Lesson1_Rest_API/internal/user/db.db.Update()" file="mongodb.go:88"
time="2022-11-16T00:34:35+03:00" level=trace msg="Deleted 1 documents " func="Lesson1_Rest_API/internal/user/db.db.Delete()" file="mongodb.go:107"
