time="2022-11-16T09:56:52+03:00" level=info msg="create router" func="main.main()" file="app.go:22"
time="2022-11-16T09:56:52+03:00" level=info msg="read application configuration" func="Lesson1_Rest_API/internal/config.GetConfig.func1()" file="config.go:33"
time="2022-11-16T09:57:22+03:00" level=info msg="create router" func="main.main()" file="app.go:22"
time="2022-11-16T09:57:22+03:00" level=info msg="read application configuration" func="Lesson1_Rest_API/internal/config.GetConfig.func1()" file="config.go:33"
time="2022-11-16T10:03:33+03:00" level=info msg="create router" func="main.main()" file="app.go:22"
time="2022-11-16T10:03:33+03:00" level=info msg="read application configuration" func="Lesson1_Rest_API/internal/config.GetConfig.func1()" file="config.go:33"
time="2022-11-16T10:07:25+03:00" level=info msg="create router" func="main.main()" file="app.go:22"
time="2022-11-16T10:07:25+03:00" level=info msg="read application configuration" func="Lesson1_Rest_API/internal/config.GetConfig.func1()" file="config.go:33"
time="2022-11-16T10:07:35+03:00" level=debug msg="create user" func="Lesson1_Rest_API/internal/user/db.db.Create()" file="mongodb.go:20"
time="2022-11-16T10:07:35+03:00" level=debug msg="convert InsertedID to ObjectID" func="Lesson1_Rest_API/internal/user/db.db.Create()" file="mongodb.go:25"
time="2022-11-16T10:07:38+03:00" level=info msg=63748c37f228368d56789b35 func="main.main()" file="app.go:47"
time="2022-11-16T10:07:41+03:00" level=debug msg="create user" func="Lesson1_Rest_API/internal/user/db.db.Create()" file="mongodb.go:20"
time="2022-11-16T10:07:41+03:00" level=debug msg="convert InsertedID to ObjectID" func="Lesson1_Rest_API/internal/user/db.db.Create()" file="mongodb.go:25"
time="2022-11-16T10:07:41+03:00" level=info msg=63748c3df228368d56789b36 func="main.main()" file="app.go:59"
time="2022-11-16T10:07:44+03:00" level=trace msg="Matched 1 documents and Modified 1 documents" func="Lesson1_Rest_API/internal/user/db.db.Update()" file="mongodb.go:88"
time="2022-11-16T10:07:46+03:00" level=trace msg="Deleted 1 documents " func="Lesson1_Rest_API/internal/user/db.db.Delete()" file="mongodb.go:107"
time="2022-11-16T10:09:10+03:00" level=info msg="create router" func="main.main()" file="app.go:22"
time="2022-11-16T10:09:10+03:00" level=info msg="read application configuration" func="Lesson1_Rest_API/internal/config.GetConfig.func1()" file="config.go:33"
time="2022-11-16T10:09:18+03:00" level=debug msg="create user" func="Lesson1_Rest_API/internal/user/db.db.Create()" file="mongodb.go:20"
time="2022-11-16T10:09:18+03:00" level=debug msg="convert InsertedID to ObjectID" func="Lesson1_Rest_API/internal/user/db.db.Create()" file="mongodb.go:25"
time="2022-11-16T10:09:19+03:00" level=info msg=63748c9ed7d6d0d5717a72c9 func="main.main()" file="app.go:47"
time="2022-11-16T10:09:19+03:00" level=debug msg="create user" func="Lesson1_Rest_API/internal/user/db.db.Create()" file="mongodb.go:20"
time="2022-11-16T10:09:19+03:00" level=debug msg="convert InsertedID to ObjectID" func="Lesson1_Rest_API/internal/user/db.db.Create()" file="mongodb.go:25"
time="2022-11-16T10:09:20+03:00" level=info msg=63748c9fd7d6d0d5717a72ca func="main.main()" file="app.go:59"
time="2022-11-16T10:09:21+03:00" level=trace msg="Matched 1 documents and Modified 1 documents" func="Lesson1_Rest_API/internal/user/db.db.Update()" file="mongodb.go:88"
time="2022-11-16T10:09:21+03:00" level=trace msg="Deleted 1 documents " func="Lesson1_Rest_API/internal/user/db.db.Delete()" file="mongodb.go:107"
time="2022-11-16T10:55:14+03:00" level=info msg="create router" func="main.main()" file="app.go:22"
time="2022-11-16T10:55:14+03:00" level=info msg="read application configuration" func="Lesson1_Rest_API/internal/config.GetConfig.func1()" file="config.go:33"
time="2022-11-16T10:55:50+03:00" level=info msg="register user handler" func="main.main()" file="app.go:39"
time="2022-11-16T10:55:52+03:00" level=info msg="start application" func="main.start()" file="app.go:48"
time="2022-11-16T10:55:52+03:00" level=info msg="detect app.path" func="main.start()" file="app.go:54"
time="2022-11-16T10:55:52+03:00" level=info msg="create socket" func="main.start()" file="app.go:59"
time="2022-11-16T10:55:52+03:00" level=info msg="listen unix socket" func="main.start()" file="app.go:62"
time="2022-11-16T10:55:52+03:00" level=info msg="server is listering unix socket: /tmp/GoLand/app.sock" func="main.start()" file="app.go:64"
time="2022-11-16T11:08:59+03:00" level=info msg="create router" func="main.main()" file="app.go:22"
time="2022-11-16T11:08:59+03:00" level=info msg="read application configuration" func="Lesson1_Rest_API/internal/config.GetConfig.func1()" file="config.go:33"
time="2022-11-16T11:09:03+03:00" level=info msg="register user handler" func="main.main()" file="app.go:39"
time="2022-11-16T11:09:15+03:00" level=info msg="start application" func="main.start()" file="app.go:48"
time="2022-11-16T11:09:15+03:00" level=info msg="detect app.path" func="main.start()" file="app.go:54"
time="2022-11-16T11:09:15+03:00" level=info msg="create socket" func="main.start()" file="app.go:59"
time="2022-11-16T11:09:15+03:00" level=info msg="listen unix socket" func="main.start()" file="app.go:62"
time="2022-11-16T11:09:15+03:00" level=info msg="server is listering unix socket: /tmp/GoLand/app.sock" func="main.start()" file="app.go:64"
time="2022-11-16T11:09:15+03:00" level=fatal msg="listen unix /tmp/GoLand/app.sock: bind: address already in use" func="main.start()" file="app.go:72"
